[33m[nodemon] 1.12.1[39m
[33m[nodemon] to restart at any time, enter `rs`[39m
[33m[nodemon] watching: *.*[39m
[32m[nodemon] starting `node /var/www/html/catchmind/server.js`[39m
Node app is running on port 3000
disconnected
disconnected
disconnected
disconnected
disconnected
disconnected
[32m[nodemon] restarting due to changes...[39m
[32m[nodemon] starting `node /var/www/html/catchmind/server.js`[39m
Node app is running on port 3000
disconnected
disconnected
disconnected
disconnected
disconnected
disconnected
disconnected
disconnected
disconnected
disconnected
